09:33:03.756 [main] INFO  testScripts.LoginTests - This is a login Test
09:33:03.771 [main] INFO  testScripts.LoginTests - Testcase execution is starting
09:33:04.155 [main] INFO  testScripts.LoginTests - Entered Username as: MOhan
09:33:04.566 [main] INFO  testScripts.LoginTests - Entered pwd as: rahulshettyacademy
09:33:04.839 [main] INFO  testScripts.LoginTests - Clicked on login button
09:33:05.078 [main] INFO  testScripts.LoginTests - Entered Username as: MOhan
09:33:05.248 [main] INFO  testScripts.LoginTests - Entered pwd as: kjlkjkl
09:33:05.377 [main] INFO  testScripts.LoginTests - Clicked on login button
09:33:06.487 [main] INFO  testScripts.LoginTests - Error text is * Incorrect username or password
09:55:07.409 [main] INFO  testScripts.LoginTests - This is a login Test
09:55:07.425 [main] INFO  testScripts.LoginTests - Testcase execution is starting
09:55:07.720 [main] INFO  testScripts.LoginTests - Entered Username as: MOhan
09:55:08.215 [main] INFO  testScripts.LoginTests - Entered pwd as: rahulshettyacademy
09:55:08.456 [main] INFO  testScripts.LoginTests - Clicked on login button
09:55:08.771 [main] INFO  testScripts.LoginTests - Entered Username as: MOhan
09:55:08.981 [main] INFO  testScripts.LoginTests - Entered pwd as: kjlkjkl
09:55:09.093 [main] INFO  testScripts.LoginTests - Clicked on login button
09:55:10.235 [main] INFO  testScripts.LoginTests - Error text is * Incorrect username or password
09:58:27.795 [main] INFO  testScripts.LoginTests - This is a login Test
09:58:27.807 [main] INFO  testScripts.LoginTests - Testcase execution is starting
09:58:28.224 [main] INFO  testScripts.LoginTests - Entered Username as: MOhan
09:58:28.471 [main] INFO  testScripts.LoginTests - Entered pwd as: rahulshettyacademy
09:58:28.773 [main] INFO  testScripts.LoginTests - Clicked on login button
09:58:28.873 [main] INFO  testScripts.LoginTests - Entered Username as: MOhan
09:58:28.938 [main] INFO  testScripts.LoginTests - Entered pwd as: kjlkjkl
09:58:29.218 [main] INFO  testScripts.LoginTests - Clicked on login button
09:58:30.108 [main] INFO  testScripts.LoginTests - Error text is * Incorrect username or password
10:01:06.847 [main] INFO  testScripts.LoginTests - This is a login Test
10:01:06.852 [main] INFO  testScripts.LoginTests - Testcase execution is starting
10:01:07.082 [main] INFO  testScripts.LoginTests - Entered Username as: MOhan
10:01:07.377 [main] INFO  testScripts.LoginTests - Entered pwd as: rahulshettyacademy
10:01:07.519 [main] INFO  testScripts.LoginTests - Clicked on login button
10:01:09.008 [main] INFO  testScripts.LoginTests - Entered Username as: MOhan
10:01:09.341 [main] INFO  testScripts.LoginTests - Entered pwd as: kjlkjkl
10:01:09.539 [main] INFO  testScripts.LoginTests - Clicked on login button
10:01:10.989 [main] INFO  testScripts.LoginTests - Error text is * Incorrect username or password
10:06:48.934 [main] INFO  testScripts.LoginTests - This is a login Test
10:06:48.944 [main] INFO  testScripts.LoginTests - Testcase execution is starting
10:06:49.185 [main] INFO  testScripts.LoginTests - Entered Username as: MOhan
10:06:49.447 [main] INFO  testScripts.LoginTests - Entered pwd as: rahulshettyacademy
10:06:49.618 [main] INFO  testScripts.LoginTests - Clicked on login button
10:06:50.945 [main] INFO  testScripts.LoginTests - Entered Username as: MOhan
10:06:51.138 [main] INFO  testScripts.LoginTests - Entered pwd as: kjlkjkl
10:06:51.218 [main] INFO  testScripts.LoginTests - Clicked on login button
10:06:52.377 [main] INFO  testScripts.LoginTests - Error text is * Incorrect username or password
10:07:15.502 [main] INFO  testScripts.LoginTests - This is a login Test
10:07:15.502 [main] INFO  testScripts.LoginTests - Testcase execution is starting
10:07:15.728 [main] INFO  testScripts.LoginTests - Entered Username as: MOhan
10:07:15.840 [main] INFO  testScripts.LoginTests - Entered pwd as: rahulshettyacademy
10:07:16.142 [main] INFO  testScripts.LoginTests - Clicked on login button
10:07:17.263 [main] INFO  testScripts.LoginTests - Entered Username as: MOhan
10:07:17.308 [main] INFO  testScripts.LoginTests - Entered pwd as: kjlkjkl
10:07:17.556 [main] INFO  testScripts.LoginTests - Clicked on login button
10:07:18.441 [main] INFO  testScripts.LoginTests - Error text is * Incorrect username or password
10:07:31.906 [main] INFO  testScripts.LoginTests - This is a login Test
10:07:31.907 [main] INFO  testScripts.LoginTests - Testcase execution is starting
10:07:32.089 [main] INFO  testScripts.LoginTests - Entered Username as: MOhan
10:07:32.264 [main] INFO  testScripts.LoginTests - Entered pwd as: rahulshettyacademy
10:07:32.366 [main] INFO  testScripts.LoginTests - Clicked on login button
10:07:33.593 [main] INFO  testScripts.LoginTests - Entered Username as: MOhan
10:07:33.711 [main] INFO  testScripts.LoginTests - Entered pwd as: kjlkjkl
10:07:33.801 [main] INFO  testScripts.LoginTests - Clicked on login button
10:07:34.949 [main] INFO  testScripts.LoginTests - Error text is * Incorrect username or password
10:11:36.507 [TestNG-tests-3] INFO  testScripts.LoginTests - This is a login Test
10:11:36.513 [TestNG-tests-3] INFO  testScripts.LoginTests - Testcase execution is starting
10:11:36.668 [TestNG-tests-3] INFO  testScripts.LoginTests - Entered Username as: MOhan
10:11:37.004 [TestNG-tests-3] INFO  testScripts.LoginTests - Entered pwd as: rahulshettyacademy
10:11:37.170 [TestNG-tests-3] INFO  testScripts.LoginTests - Clicked on login button
10:11:39.051 [TestNG-tests-3] INFO  testScripts.LoginTests - Entered Username as: MOhan
10:11:39.392 [TestNG-tests-3] INFO  testScripts.LoginTests - Entered pwd as: kjlkjkl
10:11:40.379 [TestNG-tests-3] INFO  testScripts.LoginTests - Clicked on login button
10:11:42.548 [TestNG-tests-3] INFO  testScripts.LoginTests - Error text is * Incorrect username or password
10:11:53.272 [TestNG-tests-2] INFO  testScripts.LoginTests - This is a login Test
10:11:53.272 [TestNG-tests-2] INFO  testScripts.LoginTests - Testcase execution is starting
10:11:53.520 [TestNG-tests-2] INFO  testScripts.LoginTests - Entered Username as: MOhan
10:11:53.684 [TestNG-tests-2] INFO  testScripts.LoginTests - Entered pwd as: rahulshettyacademy
10:11:54.031 [TestNG-tests-2] INFO  testScripts.LoginTests - Clicked on login button
10:11:55.226 [TestNG-tests-2] INFO  testScripts.LoginTests - Entered Username as: MOhan
10:11:55.319 [TestNG-tests-2] INFO  testScripts.LoginTests - Entered pwd as: kjlkjkl
10:11:56.139 [TestNG-tests-2] INFO  testScripts.LoginTests - Clicked on login button
10:11:56.841 [TestNG-tests-2] INFO  testScripts.LoginTests - Error text is * Incorrect username or password
10:12:02.370 [TestNG-tests-1] INFO  testScripts.LoginTests - This is a login Test
10:12:02.370 [TestNG-tests-1] INFO  testScripts.LoginTests - Testcase execution is starting
10:12:03.513 [TestNG-tests-1] INFO  testScripts.LoginTests - Entered Username as: MOhan
10:12:04.129 [TestNG-tests-1] INFO  testScripts.LoginTests - Entered pwd as: rahulshettyacademy
10:12:04.273 [TestNG-tests-1] INFO  testScripts.LoginTests - Clicked on login button
10:12:05.687 [TestNG-tests-1] INFO  testScripts.LoginTests - Entered Username as: MOhan
10:12:05.868 [TestNG-tests-1] INFO  testScripts.LoginTests - Entered pwd as: kjlkjkl
10:12:05.976 [TestNG-tests-1] INFO  testScripts.LoginTests - Clicked on login button
10:12:07.472 [TestNG-tests-1] INFO  testScripts.LoginTests - Error text is * Incorrect username or password
19:40:40.528 [main] INFO  testScripts.LoginTests - This is a login Test
19:40:40.534 [main] INFO  testScripts.LoginTests - Testcase execution is starting
19:40:40.767 [main] INFO  testScripts.LoginTests - Entered Username as: MOhan
19:40:40.950 [main] INFO  testScripts.LoginTests - Entered pwd as: rahulshettyacademy
19:40:41.064 [main] INFO  testScripts.LoginTests - Clicked on login button
19:40:42.352 [main] INFO  testScripts.LoginTests - Entered Username as: MOhan
19:40:42.475 [main] INFO  testScripts.LoginTests - Entered pwd as: kjlkjkl
19:40:42.775 [main] INFO  testScripts.LoginTests - Clicked on login button
19:40:43.923 [main] INFO  testScripts.LoginTests - Error text is * Incorrect username or password
20:07:26.133 [main] INFO  testScripts.LoginTests - This is a login Test
20:07:26.139 [main] INFO  testScripts.LoginTests - Testcase execution is starting
20:07:26.289 [main] INFO  testScripts.LoginTests - Entered Username as: MOhan
20:07:26.475 [main] INFO  testScripts.LoginTests - Entered pwd as: rahulshettyacademy
20:07:26.678 [main] INFO  testScripts.LoginTests - Clicked on login button
20:07:28.036 [main] INFO  testScripts.LoginTests - Entered Username as: MOhan
20:07:28.222 [main] INFO  testScripts.LoginTests - Entered pwd as: kjlkjkl
20:07:28.337 [main] INFO  testScripts.LoginTests - Clicked on login button
20:07:29.496 [main] INFO  testScripts.LoginTests - Error text is * Incorrect username or password
20:26:10.433 [main] INFO  testScripts.LoginTests - This is a login Test
20:26:10.450 [main] INFO  testScripts.LoginTests - Testcase execution is starting
20:26:10.667 [main] INFO  testScripts.LoginTests - Entered Username as: MOhan
20:26:10.931 [main] INFO  testScripts.LoginTests - Entered pwd as: rahulshettyacademy
20:26:11.038 [main] INFO  testScripts.LoginTests - Clicked on login button
20:26:12.332 [main] INFO  testScripts.LoginTests - Entered Username as: MOhan
20:26:12.445 [main] INFO  testScripts.LoginTests - Entered pwd as: kjlkjkl
20:26:12.504 [main] INFO  testScripts.LoginTests - Clicked on login button
20:26:13.657 [main] INFO  testScripts.LoginTests - Error text is * Incorrect username or password
20:32:04.200 [main] INFO  testScripts.LoginTests - This is a login Test
20:32:04.227 [main] INFO  testScripts.LoginTests - Testcase execution is starting
20:32:04.480 [main] INFO  testScripts.LoginTests - Entered Username as: MOhan
20:32:04.990 [main] INFO  testScripts.LoginTests - Entered pwd as: rahulshettyaca
20:32:05.152 [main] INFO  testScripts.LoginTests - Clicked on login button
20:32:06.515 [main] INFO  testScripts.LoginTests - Entered Username as: MOhan
20:32:06.606 [main] INFO  testScripts.LoginTests - Entered pwd as: kjlkjkl
20:32:06.661 [main] INFO  testScripts.LoginTests - Clicked on login button
20:32:07.792 [main] INFO  testScripts.LoginTests - Error text is * Incorrect username or password
20:33:17.858 [main] INFO  testScripts.LoginTests - This is a login Test
20:33:17.868 [main] INFO  testScripts.LoginTests - Testcase execution is starting
20:33:18.041 [main] INFO  testScripts.LoginTests - Entered Username as: MOhan
20:33:18.433 [main] INFO  testScripts.LoginTests - Entered pwd as: rahulshettyaca
20:33:18.618 [main] INFO  testScripts.LoginTests - Clicked on login button
20:33:28.911 [main] INFO  testScripts.LoginTests - Entered Username as: MOhan
20:33:29.090 [main] INFO  testScripts.LoginTests - Entered pwd as: kjlkjkl
20:33:29.217 [main] INFO  testScripts.LoginTests - Clicked on login button
20:33:29.284 [main] INFO  testScripts.LoginTests - Error text is * Incorrect username or password
20:35:31.049 [main] INFO  testScripts.LoginTests - This is a login Test
20:35:31.060 [main] INFO  testScripts.LoginTests - Testcase execution is starting
20:35:31.379 [main] INFO  testScripts.LoginTests - Entered Username as: MOhan
20:35:31.770 [main] INFO  testScripts.LoginTests - Entered pwd as: rahulshettyaca
20:35:31.947 [main] INFO  testScripts.LoginTests - Clicked on login button
20:35:43.274 [main] INFO  testScripts.LoginTests - Entered Username as: MOhan
20:35:43.461 [main] INFO  testScripts.LoginTests - Entered pwd as: kjlkjkl
20:35:43.581 [main] INFO  testScripts.LoginTests - Clicked on login button
20:35:43.678 [main] INFO  testScripts.LoginTests - Error text is * Incorrect username or password
20:39:28.811 [main] INFO  testScripts.LoginTests - This is a login Test
20:39:28.820 [main] INFO  testScripts.LoginTests - Testcase execution is starting
20:39:29.014 [main] INFO  testScripts.LoginTests - Entered Username as: MOhan
20:39:29.320 [main] INFO  testScripts.LoginTests - Entered pwd as: rahulshettyaca
20:39:29.422 [main] INFO  testScripts.LoginTests - Clicked on login button
20:39:40.903 [main] INFO  testScripts.LoginTests - Entered Username as: MOhan
20:39:41.500 [main] INFO  testScripts.LoginTests - Entered pwd as: kjlkjkl
20:39:41.672 [main] INFO  testScripts.LoginTests - Clicked on login button
20:39:41.793 [main] INFO  testScripts.LoginTests - Error text is * Incorrect username or password
20:42:18.112 [main] INFO  testScripts.LoginTests - This is a login Test
20:42:18.119 [main] INFO  testScripts.LoginTests - Testcase execution is starting
20:42:18.346 [main] INFO  testScripts.LoginTests - Entered Username as: MOhan
20:42:18.898 [main] INFO  testScripts.LoginTests - Entered pwd as: rahulshettyaca
20:42:19.126 [main] INFO  testScripts.LoginTests - Clicked on login button
20:42:30.107 [main] INFO  testScripts.LoginTests - Entered Username as: MOhan
20:42:30.350 [main] INFO  testScripts.LoginTests - Entered pwd as: kjlkjkl
20:42:30.460 [main] INFO  testScripts.LoginTests - Clicked on login button
20:42:30.600 [main] INFO  testScripts.LoginTests - Error text is * Incorrect username or password
20:44:39.423 [main] INFO  testScripts.LoginTests - This is a login Test
20:44:39.437 [main] INFO  testScripts.LoginTests - Testcase execution is starting
20:44:39.689 [main] INFO  testScripts.LoginTests - Entered Username as: MOhan
20:44:39.873 [main] INFO  testScripts.LoginTests - Entered pwd as: rahulshettyaca
20:44:40.091 [main] INFO  testScripts.LoginTests - Clicked on login button
20:44:52.106 [main] INFO  testScripts.LoginTests - Entered Username as: MOhan
20:44:52.329 [main] INFO  testScripts.LoginTests - Entered pwd as: kjlkjkl
20:44:52.574 [main] INFO  testScripts.LoginTests - Clicked on login button
20:44:52.657 [main] INFO  testScripts.LoginTests - Error text is * Incorrect username or password
20:46:36.340 [main] INFO  testScripts.LoginTests - This is a login Test
20:46:36.360 [main] INFO  testScripts.LoginTests - Testcase execution is starting
20:46:36.716 [main] INFO  testScripts.LoginTests - Entered Username as: MOhan
20:46:37.385 [main] INFO  testScripts.LoginTests - Entered pwd as: rahulshettyaca
20:46:37.607 [main] INFO  testScripts.LoginTests - Clicked on login button
20:48:32.755 [main] INFO  testScripts.LoginTests - This is a login Test
20:48:32.761 [main] INFO  testScripts.LoginTests - Testcase execution is starting
20:48:32.941 [main] INFO  testScripts.LoginTests - Entered Username as: MOhan
20:48:33.280 [main] INFO  testScripts.LoginTests - Entered pwd as: rahulshettyaca
20:48:33.489 [main] INFO  testScripts.LoginTests - Clicked on login button
20:48:44.666 [main] INFO  testScripts.LoginTests - Entered Username as: MOhan
20:48:44.904 [main] INFO  testScripts.LoginTests - Entered pwd as: kjlkjkl
20:48:45.022 [main] INFO  testScripts.LoginTests - Clicked on login button
20:48:45.074 [main] INFO  testScripts.LoginTests - Error text is * Incorrect username or password
21:35:20.041 [TestNG-tests-1] INFO  testScripts.LoginTests - This is a login Test
21:35:20.041 [TestNG-tests-2] INFO  testScripts.LoginTests - This is a login Test
21:35:20.076 [TestNG-tests-2] INFO  testScripts.LoginTests - Testcase execution is starting
21:35:20.076 [TestNG-tests-1] INFO  testScripts.LoginTests - Testcase execution is starting
21:35:20.291 [TestNG-tests-2] INFO  testScripts.LoginTests - Entered Username as: MOhan
21:35:20.377 [TestNG-tests-1] INFO  testScripts.LoginTests - Entered Username as: MOhan
21:35:20.702 [TestNG-tests-2] INFO  testScripts.LoginTests - Entered pwd as: rahulshettyaca
21:35:20.818 [TestNG-tests-1] INFO  testScripts.LoginTests - Entered pwd as: rahulshettyaca
21:35:21.008 [TestNG-tests-2] INFO  testScripts.LoginTests - Clicked on login button
21:35:21.132 [TestNG-tests-1] INFO  testScripts.LoginTests - Clicked on login button
21:35:41.332 [TestNG-tests-2] INFO  testScripts.LoginTests - Entered Username as: MOhan
21:35:41.383 [TestNG-tests-1] INFO  testScripts.LoginTests - Entered Username as: MOhan
21:35:41.530 [TestNG-tests-2] INFO  testScripts.LoginTests - Entered pwd as: kjlkjkl
21:35:41.592 [TestNG-tests-1] INFO  testScripts.LoginTests - Entered pwd as: kjlkjkl
21:35:41.693 [TestNG-tests-2] INFO  testScripts.LoginTests - Clicked on login button
21:35:42.251 [TestNG-tests-1] INFO  testScripts.LoginTests - Clicked on login button
21:35:42.323 [TestNG-tests-2] INFO  testScripts.LoginTests - Error text is * Incorrect username or password
21:35:42.362 [TestNG-tests-1] INFO  testScripts.LoginTests - Error text is * Incorrect username or password
21:37:23.971 [TestNG-tests-2] INFO  testScripts.LoginTests - This is a login Test
21:37:23.983 [TestNG-tests-2] INFO  testScripts.LoginTests - Testcase execution is starting
21:37:24.218 [TestNG-tests-2] INFO  testScripts.LoginTests - Entered Username as: MOhan
21:37:24.355 [TestNG-tests-2] INFO  testScripts.LoginTests - Entered pwd as: rahulshettyaca
21:37:24.673 [TestNG-tests-2] INFO  testScripts.LoginTests - Clicked on login button
21:37:39.540 [TestNG-tests-1] INFO  testScripts.LoginTests - This is a login Test
21:37:39.540 [TestNG-tests-1] INFO  testScripts.LoginTests - Testcase execution is starting
21:37:39.895 [TestNG-tests-2] INFO  testScripts.LoginTests - Entered Username as: MOhan
21:37:40.042 [TestNG-tests-1] INFO  testScripts.LoginTests - Entered Username as: MOhan
21:37:40.448 [TestNG-tests-2] INFO  testScripts.LoginTests - Entered pwd as: kjlkjkl
21:37:40.605 [TestNG-tests-1] INFO  testScripts.LoginTests - Entered pwd as: rahulshettyaca
21:37:40.730 [TestNG-tests-2] INFO  testScripts.LoginTests - Clicked on login button
21:37:41.925 [TestNG-tests-1] INFO  testScripts.LoginTests - Clicked on login button
21:37:42.021 [TestNG-tests-2] INFO  testScripts.LoginTests - Error text is * Incorrect username or password
21:37:53.963 [TestNG-tests-1] ERROR testScripts.LoginTests - Got an error
21:46:10.143 [main] INFO  testScripts.LoginTests - This is a login Test
21:46:10.150 [main] INFO  testScripts.LoginTests - Testcase execution is starting
21:46:10.411 [main] INFO  testScripts.LoginTests - Entered Username as: MOhan
21:46:10.723 [main] INFO  testScripts.LoginTests - Entered pwd as: rahulshettyaca
21:46:10.878 [main] INFO  testScripts.LoginTests - Clicked on login button
21:46:22.404 [main] INFO  testScripts.LoginTests - Entered Username as: MOhan
21:46:22.537 [main] INFO  testScripts.LoginTests - Entered pwd as: kjlkjkl
21:46:22.600 [main] INFO  testScripts.LoginTests - Clicked on login button
21:46:22.673 [main] INFO  testScripts.LoginTests - Error text is * Incorrect username or password
21:49:05.887 [main] INFO  testScripts.LoginTests - This is a login Test
21:49:05.897 [main] INFO  testScripts.LoginTests - Testcase execution is starting
21:49:06.078 [main] INFO  testScripts.LoginTests - Entered Username as: MOhan
21:49:06.279 [main] INFO  testScripts.LoginTests - Entered pwd as: rahulshettyaca
21:49:06.396 [main] INFO  testScripts.LoginTests - Clicked on login button
21:49:07.668 [main] INFO  testScripts.LoginTests - Entered Username as: MOhan
21:49:07.779 [main] INFO  testScripts.LoginTests - Entered pwd as: kjlkjkl
21:49:07.846 [main] INFO  testScripts.LoginTests - Clicked on login button
21:49:08.977 [main] INFO  testScripts.LoginTests - Error text is * Incorrect username or password
21:49:55.536 [TestNG-tests-1] INFO  testScripts.LoginTests - This is a login Test
21:49:55.546 [TestNG-tests-1] INFO  testScripts.LoginTests - Testcase execution is starting
21:49:55.796 [TestNG-tests-1] INFO  testScripts.LoginTests - Entered Username as: MOhan
21:49:56.676 [TestNG-tests-1] INFO  testScripts.LoginTests - Entered pwd as: rahulshettyaca
21:50:06.970 [TestNG-tests-1] INFO  testScripts.LoginTests - Clicked on login button
21:50:27.932 [TestNG-tests-1] INFO  testScripts.LoginTests - Entered Username as: MOhan
21:50:28.107 [TestNG-tests-1] INFO  testScripts.LoginTests - Entered pwd as: kjlkjkl
21:50:28.189 [TestNG-tests-1] INFO  testScripts.LoginTests - Clicked on login button
21:50:28.312 [TestNG-tests-1] INFO  testScripts.LoginTests - Error text is * Incorrect username or password
21:50:48.114 [TestNG-tests-2] INFO  testScripts.LoginTests - This is a login Test
21:50:48.114 [TestNG-tests-2] INFO  testScripts.LoginTests - Testcase execution is starting
21:50:48.352 [TestNG-tests-2] INFO  testScripts.LoginTests - Entered Username as: MOhan
21:50:48.806 [TestNG-tests-2] INFO  testScripts.LoginTests - Entered pwd as: rahulshettyaca
21:50:49.299 [TestNG-tests-2] INFO  testScripts.LoginTests - Clicked on login button
21:50:50.467 [TestNG-tests-2] INFO  testScripts.LoginTests - Entered Username as: MOhan
21:50:50.538 [TestNG-tests-2] INFO  testScripts.LoginTests - Entered pwd as: kjlkjkl
21:50:50.805 [TestNG-tests-2] INFO  testScripts.LoginTests - Clicked on login button
21:50:51.781 [TestNG-tests-2] INFO  testScripts.LoginTests - Error text is * Incorrect username or password
21:51:43.724 [TestNG-tests-1] INFO  testScripts.LoginTests - This is a login Test
21:51:43.748 [TestNG-tests-1] INFO  testScripts.LoginTests - Testcase execution is starting
21:51:43.725 [TestNG-tests-2] INFO  testScripts.LoginTests - This is a login Test
21:51:43.751 [TestNG-tests-2] INFO  testScripts.LoginTests - Testcase execution is starting
21:51:43.863 [TestNG-tests-2] INFO  testScripts.LoginTests - Entered Username as: MOhan
21:51:43.946 [TestNG-tests-1] INFO  testScripts.LoginTests - Entered Username as: MOhan
21:51:44.086 [TestNG-tests-2] INFO  testScripts.LoginTests - Entered pwd as: rahulshettyaca
21:51:44.154 [TestNG-tests-1] INFO  testScripts.LoginTests - Entered pwd as: rahulshettyaca
21:51:44.410 [TestNG-tests-2] INFO  testScripts.LoginTests - Clicked on login button
21:51:44.630 [TestNG-tests-1] INFO  testScripts.LoginTests - Clicked on login button
21:52:04.761 [TestNG-tests-2] INFO  testScripts.LoginTests - Entered Username as: MOhan
21:52:04.856 [TestNG-tests-1] INFO  testScripts.LoginTests - Entered Username as: MOhan
21:52:04.899 [TestNG-tests-2] INFO  testScripts.LoginTests - Entered pwd as: kjlkjkl
21:52:04.960 [TestNG-tests-1] INFO  testScripts.LoginTests - Entered pwd as: kjlkjkl
21:52:05.273 [TestNG-tests-2] INFO  testScripts.LoginTests - Clicked on login button
21:52:05.507 [TestNG-tests-1] INFO  testScripts.LoginTests - Clicked on login button
21:52:05.561 [TestNG-tests-2] INFO  testScripts.LoginTests - Error text is * Incorrect username or password
21:52:05.603 [TestNG-tests-1] INFO  testScripts.LoginTests - Error text is * Incorrect username or password
21:55:06.994 [main] INFO  testScripts.LoginTests - This is a login Test
21:55:07.065 [main] INFO  testScripts.LoginTests - Testcase execution is starting
21:55:08.262 [main] INFO  testScripts.LoginTests - Entered Username as: MOhan
21:55:09.041 [main] INFO  testScripts.LoginTests - Entered pwd as: rahulshettyaca
21:55:09.244 [main] INFO  testScripts.LoginTests - Clicked on login button
21:55:10.859 [main] INFO  testScripts.LoginTests - Entered Username as: MOhan
21:55:11.158 [main] INFO  testScripts.LoginTests - Entered pwd as: kjlkjkl
21:55:11.328 [main] INFO  testScripts.LoginTests - Clicked on login button
21:55:12.462 [main] INFO  testScripts.LoginTests - Error text is * Incorrect username or password
21:59:39.184 [main] INFO  testScripts.LoginTests - This is a login Test
21:59:39.192 [main] INFO  testScripts.LoginTests - Testcase execution is starting
21:59:39.406 [main] INFO  testScripts.LoginTests - Entered Username as: MOhan
21:59:39.835 [main] INFO  testScripts.LoginTests - Entered pwd as: rahulshettyaca
21:59:40.014 [main] INFO  testScripts.LoginTests - Clicked on login button
21:59:50.935 [main] INFO  testScripts.LoginTests - Entered Username as: MOhan
21:59:51.069 [main] INFO  testScripts.LoginTests - Entered pwd as: kjlkjkl
21:59:51.190 [main] INFO  testScripts.LoginTests - Clicked on login button
21:59:51.259 [main] INFO  testScripts.LoginTests - Error text is * Incorrect username or password
22:21:39.297 [main] INFO  testScripts.LoginTests - This is a login Test
22:21:39.304 [main] INFO  testScripts.LoginTests - Testcase execution is starting
22:21:39.456 [main] INFO  testScripts.LoginTests - Entered Username as: MOhan
22:21:39.670 [main] INFO  testScripts.LoginTests - Entered pwd as: rahulshettyaca
22:21:39.790 [main] INFO  testScripts.LoginTests - Clicked on login button
22:21:50.556 [main] INFO  testScripts.LoginTests - Entered Username as: MOhan
22:21:50.687 [main] INFO  testScripts.LoginTests - Entered pwd as: kjlkjkl
22:21:50.760 [main] INFO  testScripts.LoginTests - Clicked on login button
22:21:50.830 [main] INFO  testScripts.LoginTests - Error text is * Incorrect username or password
22:24:22.386 [main] INFO  testScripts.LoginTests - This is a login Test
22:24:22.390 [main] INFO  testScripts.LoginTests - Testcase execution is starting
22:24:22.591 [main] INFO  testScripts.LoginTests - Entered Username as: MOhan
22:24:22.805 [main] INFO  testScripts.LoginTests - Entered pwd as: rahulshettyaca
22:24:22.962 [main] INFO  testScripts.LoginTests - Clicked on login button
22:24:24.330 [main] INFO  testScripts.LoginTests - Entered Username as: MOhan
22:24:24.571 [main] INFO  testScripts.LoginTests - Entered pwd as: kjlkjkl
22:24:24.746 [main] INFO  testScripts.LoginTests - Clicked on login button
22:24:25.886 [main] INFO  testScripts.LoginTests - Error text is * Incorrect username or password
22:43:35.804 [main] INFO  testScripts.LoginTests - This is a login Test
22:43:35.808 [main] INFO  testScripts.LoginTests - Testcase execution is starting
22:43:35.921 [main] INFO  testScripts.LoginTests - Entered Username as: MOhan
22:43:36.111 [main] INFO  testScripts.LoginTests - Entered pwd as: rahulshettyaca
22:43:36.189 [main] INFO  testScripts.LoginTests - Clicked on login button
22:43:37.480 [main] INFO  testScripts.LoginTests - Entered Username as: MOhan
22:43:37.655 [main] INFO  testScripts.LoginTests - Entered pwd as: kjlkjkl
22:43:37.715 [main] INFO  testScripts.LoginTests - Clicked on login button
22:43:38.828 [main] INFO  testScripts.LoginTests - Error text is * Incorrect username or password
22:46:10.234 [main] INFO  testScripts.LoginTests - This is a login Test
22:46:10.239 [main] INFO  testScripts.LoginTests - Testcase execution is starting
22:46:10.346 [main] INFO  testScripts.LoginTests - Entered Username as: MOhan
22:46:10.511 [main] INFO  testScripts.LoginTests - Entered pwd as: rahulshettyaca
22:46:10.630 [main] INFO  testScripts.LoginTests - Clicked on login button
22:46:11.988 [main] INFO  testScripts.LoginTests - Entered Username as: MOhan
22:46:12.110 [main] INFO  testScripts.LoginTests - Entered pwd as: kjlkjkl
22:46:12.224 [main] INFO  testScripts.LoginTests - Clicked on login button
22:46:13.340 [main] INFO  testScripts.LoginTests - Error text is * Incorrect username or password
